The system is: Linux - 3.13.0-119-generic - x86_64
Compiling the C compiler identification source file "CMakeCCompilerId.c" succeeded.
Compiler: /usr/bin/cc 
Build flags: 
Id flags: 

The output was:
0


Compilation of the C compiler identification source "CMakeCCompilerId.c" produced "a.out"

The C compiler identification is GNU, found in "/home/nao/catkin_ws/src/robocup_packages/game_controller_bridge/src/naoqi/gcbridge/build-naoqi-sdk/CMakeFiles/2.8.12.2/CompilerIdC/a.out"

Determining if the C compiler works passed with the following output:
Change Dir: /home/nao/catkin_ws/src/robocup_packages/game_controller_bridge/src/naoqi/gcbridge/build-naoqi-sdk/CMakeFiles/CMakeTmp

Run Build Command:/usr/bin/make "cmTryCompileExec1881456048/fast"
/usr/bin/make -f CMakeFiles/cmTryCompileExec1881456048.dir/build.make CMakeFiles/cmTryCompileExec1881456048.dir/build
make[1]: ディレクトリ `/home/nao/catkin_ws/src/robocup_packages/game_controller_bridge/src/naoqi/gcbridge/build-naoqi-sdk/CMakeFiles/CMakeTmp' に入ります
/usr/bin/cmake -E cmake_progress_report /home/nao/catkin_ws/src/robocup_packages/game_controller_bridge/src/naoqi/gcbridge/build-naoqi-sdk/CMakeFiles/CMakeTmp/CMakeFiles 1
Building C object CMakeFiles/cmTryCompileExec1881456048.dir/testCCompiler.c.o
/usr/bin/cc    -o CMakeFiles/cmTryCompileExec1881456048.dir/testCCompiler.c.o   -c /home/nao/catkin_ws/src/robocup_packages/game_controller_bridge/src/naoqi/gcbridge/build-naoqi-sdk/CMakeFiles/CMakeTmp/testCCompiler.c
Linking C executable cmTryCompileExec1881456048
/usr/bin/cmake -E cmake_link_script CMakeFiles/cmTryCompileExec1881456048.dir/link.txt --verbose=1
/usr/bin/cc       CMakeFiles/cmTryCompileExec1881456048.dir/testCCompiler.c.o  -o cmTryCompileExec1881456048 -rdynamic 
make[1]: ディレクトリ `/home/nao/catkin_ws/src/robocup_packages/game_controller_bridge/src/naoqi/gcbridge/build-naoqi-sdk/CMakeFiles/CMakeTmp' から出ます


Detecting C compiler ABI info compiled with the following output:
Change Dir: /home/nao/catkin_ws/src/robocup_packages/game_controller_bridge/src/naoqi/gcbridge/build-naoqi-sdk/CMakeFiles/CMakeTmp

Run Build Command:/usr/bin/make "cmTryCompileExec4096159835/fast"
/usr/bin/make -f CMakeFiles/cmTryCompileExec4096159835.dir/build.make CMakeFiles/cmTryCompileExec4096159835.dir/build
make[1]: ディレクトリ `/home/nao/catkin_ws/src/robocup_packages/game_controller_bridge/src/naoqi/gcbridge/build-naoqi-sdk/CMakeFiles/CMakeTmp' に入ります
/usr/bin/cmake -E cmake_progress_report /home/nao/catkin_ws/src/robocup_packages/game_controller_bridge/src/naoqi/gcbridge/build-naoqi-sdk/CMakeFiles/CMakeTmp/CMakeFiles 1
Building C object CMakeFiles/cmTryCompileExec4096159835.dir/CMakeCCompilerABI.c.o
/usr/bin/cc    -o CMakeFiles/cmTryCompileExec4096159835.dir/CMakeCCompilerABI.c.o   -c /usr/share/cmake-2.8/Modules/CMakeCCompilerABI.c
Linking C executable cmTryCompileExec4096159835
/usr/bin/cmake -E cmake_link_script CMakeFiles/cmTryCompileExec4096159835.dir/link.txt --verbose=1
/usr/bin/cc     -v CMakeFiles/cmTryCompileExec4096159835.dir/CMakeCCompilerABI.c.o  -o cmTryCompileExec4096159835 -rdynamic  
Using built-in specs.
COLLECT_GCC=/usr/bin/cc
COLLECT_LTO_WRAPPER=/usr/lib/gcc/x86_64-linux-gnu/4.8/lto-wrapper
Target: x86_64-linux-gnu
Configured with: ../src/configure -v --with-pkgversion='Ubuntu 4.8.5-2ubuntu1~14.04.1' --with-bugurl=file:///usr/share/doc/gcc-4.8/README.Bugs --enable-languages=c,c++,java,go,d,fortran,objc,obj-c++ --prefix=/usr --program-suffix=-4.8 --enable-shared --enable-linker-build-id --libexecdir=/usr/lib --without-included-gettext --enable-threads=posix --with-gxx-include-dir=/usr/include/c++/4.8 --libdir=/usr/lib --enable-nls --with-sysroot=/ --enable-clocale=gnu --enable-libstdcxx-debug --enable-libstdcxx-time=yes --enable-gnu-unique-object --disable-libmudflap --enable-plugin --with-system-zlib --disable-browser-plugin --enable-java-awt=gtk --enable-gtk-cairo --with-java-home=/usr/lib/jvm/java-1.5.0-gcj-4.8-amd64/jre --enable-java-home --with-jvm-root-dir=/usr/lib/jvm/java-1.5.0-gcj-4.8-amd64 --with-jvm-jar-dir=/usr/lib/jvm-exports/java-1.5.0-gcj-4.8-amd64 --with-arch-directory=amd64 --with-ecj-jar=/usr/share/java/eclipse-ecj.jar --enable-objc-gc --enable-multiarch --disable-werror --with-arch-32=i686 --with-abi=m64 --with-multilib-list=m32,m64,mx32 --with-tune=generic --enable-checking=release --build=x86_64-linux-gnu --host=x86_64-linux-gnu --target=x86_64-linux-gnu
Thread model: posix
gcc version 4.8.5 (Ubuntu 4.8.5-2ubuntu1~14.04.1) 
COMPILER_PATH=/usr/lib/gcc/x86_64-linux-gnu/4.8/:/usr/lib/gcc/x86_64-linux-gnu/4.8/:/usr/lib/gcc/x86_64-linux-gnu/:/usr/lib/gcc/x86_64-linux-gnu/4.8/:/usr/lib/gcc/x86_64-linux-gnu/
LIBRARY_PATH=/usr/local/cuda-8.0/lib64/../lib/:/usr/local/cuda-8.0/lib64/../lib/:/usr/local/cuda-8.0/lib64/../lib/:/usr/local/cuda-8.0/lib64/../lib/:/usr/local/cuda-8.0/lib64/../lib/:/usr/local/cuda-8.0/lib64/../lib/:/usr/local/cuda-8.0/lib64/../lib/:/usr/lib/gcc/x86_64-linux-gnu/4.8/:/usr/lib/gcc/x86_64-linux-gnu/4.8/../../../x86_64-linux-gnu/:/usr/lib/gcc/x86_64-linux-gnu/4.8/../../../../lib/:/lib/x86_64-linux-gnu/:/lib/../lib/:/usr/lib/x86_64-linux-gnu/:/usr/lib/../lib/:./:/usr/lib/nvidia-375/:/usr/local/cuda-8.0/lib64/:/usr/lib/nvidia-375/:/usr/local/cuda-8.0/lib64/:/usr/lib/nvidia-375/:/usr/local/cuda-8.0/lib64/:/usr/lib/nvidia-375/:/usr/local/cuda-8.0/lib64/:/usr/lib/nvidia-375/:/usr/local/cuda-8.0/lib64/:/usr/lib/nvidia-375/:/usr/local/cuda-8.0/lib64/:/usr/lib/nvidia-375/:/usr/local/cuda-8.0/lib64/:/usr/lib/gcc/x86_64-linux-gnu/4.8/../../../:/lib/:/usr/lib/
COLLECT_GCC_OPTIONS='-v' '-o' 'cmTryCompileExec4096159835' '-rdynamic' '-mtune=generic' '-march=x86-64'
 /usr/lib/gcc/x86_64-linux-gnu/4.8/collect2 --sysroot=/ --build-id --eh-frame-hdr -m elf_x86_64 --hash-style=gnu --as-needed -export-dynamic -dynamic-linker /lib64/ld-linux-x86-64.so.2 -z relro -o cmTryCompileExec4096159835 /usr/lib/gcc/x86_64-linux-gnu/4.8/../../../x86_64-linux-gnu/crt1.o /usr/lib/gcc/x86_64-linux-gnu/4.8/../../../x86_64-linux-gnu/crti.o /usr/lib/gcc/x86_64-linux-gnu/4.8/crtbegin.o -L/usr/local/cuda-8.0/lib64/../lib -L/usr/local/cuda-8.0/lib64/../lib -L/usr/local/cuda-8.0/lib64/../lib -L/usr/local/cuda-8.0/lib64/../lib -L/usr/local/cuda-8.0/lib64/../lib -L/usr/local/cuda-8.0/lib64/../lib -L/usr/local/cuda-8.0/lib64/../lib -L/usr/lib/gcc/x86_64-linux-gnu/4.8 -L/usr/lib/gcc/x86_64-linux-gnu/4.8/../../../x86_64-linux-gnu -L/usr/lib/gcc/x86_64-linux-gnu/4.8/../../../../lib -L/lib/x86_64-linux-gnu -L/lib/../lib -L/usr/lib/x86_64-linux-gnu -L/usr/lib/../lib -L. -L/usr/lib/nvidia-375 -L/usr/local/cuda-8.0/lib64 -L/usr/lib/nvidia-375 -L/usr/local/cuda-8.0/lib64 -L/usr/lib/nvidia-375 -L/usr/local/cuda-8.0/lib64 -L/usr/lib/nvidia-375 -L/usr/local/cuda-8.0/lib64 -L/usr/lib/nvidia-375 -L/usr/local/cuda-8.0/lib64 -L/usr/lib/nvidia-375 -L/usr/local/cuda-8.0/lib64 -L/usr/lib/nvidia-375 -L/usr/local/cuda-8.0/lib64 -L/usr/lib/gcc/x86_64-linux-gnu/4.8/../../.. CMakeFiles/cmTryCompileExec4096159835.dir/CMakeCCompilerABI.c.o -lgcc --as-needed -lgcc_s --no-as-needed -lc -lgcc --as-needed -lgcc_s --no-as-needed /usr/lib/gcc/x86_64-linux-gnu/4.8/crtend.o /usr/lib/gcc/x86_64-linux-gnu/4.8/../../../x86_64-linux-gnu/crtn.o
make[1]: ディレクトリ `/home/nao/catkin_ws/src/robocup_packages/game_controller_bridge/src/naoqi/gcbridge/build-naoqi-sdk/CMakeFiles/CMakeTmp' から出ます


Parsed C implicit link information from above output:
  link line regex: [^( *|.*[/\])(ld|([^/\]+-)?ld|collect2)[^/\]*( |$)]
  ignore line: [Change Dir: /home/nao/catkin_ws/src/robocup_packages/game_controller_bridge/src/naoqi/gcbridge/build-naoqi-sdk/CMakeFiles/CMakeTmp]
  ignore line: []
  ignore line: [Run Build Command:/usr/bin/make "cmTryCompileExec4096159835/fast"]
  ignore line: [/usr/bin/make -f CMakeFiles/cmTryCompileExec4096159835.dir/build.make CMakeFiles/cmTryCompileExec4096159835.dir/build]
  ignore line: [make[1]: ディレクトリ `/home/nao/catkin_ws/src/robocup_packages/game_controller_bridge/src/naoqi/gcbridge/build-naoqi-sdk/CMakeFiles/CMakeTmp' に入ります]
  ignore line: [/usr/bin/cmake -E cmake_progress_report /home/nao/catkin_ws/src/robocup_packages/game_controller_bridge/src/naoqi/gcbridge/build-naoqi-sdk/CMakeFiles/CMakeTmp/CMakeFiles 1]
  ignore line: [Building C object CMakeFiles/cmTryCompileExec4096159835.dir/CMakeCCompilerABI.c.o]
  ignore line: [/usr/bin/cc    -o CMakeFiles/cmTryCompileExec4096159835.dir/CMakeCCompilerABI.c.o   -c /usr/share/cmake-2.8/Modules/CMakeCCompilerABI.c]
  ignore line: [Linking C executable cmTryCompileExec4096159835]
  ignore line: [/usr/bin/cmake -E cmake_link_script CMakeFiles/cmTryCompileExec4096159835.dir/link.txt --verbose=1]
  ignore line: [/usr/bin/cc     -v CMakeFiles/cmTryCompileExec4096159835.dir/CMakeCCompilerABI.c.o  -o cmTryCompileExec4096159835 -rdynamic  ]
  ignore line: [Using built-in specs.]
  ignore line: [COLLECT_GCC=/usr/bin/cc]
  ignore line: [COLLECT_LTO_WRAPPER=/usr/lib/gcc/x86_64-linux-gnu/4.8/lto-wrapper]
  ignore line: [Target: x86_64-linux-gnu]
  ignore line: [Configured with: ../src/configure -v --with-pkgversion='Ubuntu 4.8.5-2ubuntu1~14.04.1' --with-bugurl=file:///usr/share/doc/gcc-4.8/README.Bugs --enable-languages=c,c++,java,go,d,fortran,objc,obj-c++ --prefix=/usr --program-suffix=-4.8 --enable-shared --enable-linker-build-id --libexecdir=/usr/lib --without-included-gettext --enable-threads=posix --with-gxx-include-dir=/usr/include/c++/4.8 --libdir=/usr/lib --enable-nls --with-sysroot=/ --enable-clocale=gnu --enable-libstdcxx-debug --enable-libstdcxx-time=yes --enable-gnu-unique-object --disable-libmudflap --enable-plugin --with-system-zlib --disable-browser-plugin --enable-java-awt=gtk --enable-gtk-cairo --with-java-home=/usr/lib/jvm/java-1.5.0-gcj-4.8-amd64/jre --enable-java-home --with-jvm-root-dir=/usr/lib/jvm/java-1.5.0-gcj-4.8-amd64 --with-jvm-jar-dir=/usr/lib/jvm-exports/java-1.5.0-gcj-4.8-amd64 --with-arch-directory=amd64 --with-ecj-jar=/usr/share/java/eclipse-ecj.jar --enable-objc-gc --enable-multiarch --disable-werror --with-arch-32=i686 --with-abi=m64 --with-multilib-list=m32,m64,mx32 --with-tune=generic --enable-checking=release --build=x86_64-linux-gnu --host=x86_64-linux-gnu --target=x86_64-linux-gnu]
  ignore line: [Thread model: posix]
  ignore line: [gcc version 4.8.5 (Ubuntu 4.8.5-2ubuntu1~14.04.1) ]
  ignore line: [COMPILER_PATH=/usr/lib/gcc/x86_64-linux-gnu/4.8/:/usr/lib/gcc/x86_64-linux-gnu/4.8/:/usr/lib/gcc/x86_64-linux-gnu/:/usr/lib/gcc/x86_64-linux-gnu/4.8/:/usr/lib/gcc/x86_64-linux-gnu/]
  ignore line: [LIBRARY_PATH=/usr/local/cuda-8.0/lib64/../lib/:/usr/local/cuda-8.0/lib64/../lib/:/usr/local/cuda-8.0/lib64/../lib/:/usr/local/cuda-8.0/lib64/../lib/:/usr/local/cuda-8.0/lib64/../lib/:/usr/local/cuda-8.0/lib64/../lib/:/usr/local/cuda-8.0/lib64/../lib/:/usr/lib/gcc/x86_64-linux-gnu/4.8/:/usr/lib/gcc/x86_64-linux-gnu/4.8/../../../x86_64-linux-gnu/:/usr/lib/gcc/x86_64-linux-gnu/4.8/../../../../lib/:/lib/x86_64-linux-gnu/:/lib/../lib/:/usr/lib/x86_64-linux-gnu/:/usr/lib/../lib/:./:/usr/lib/nvidia-375/:/usr/local/cuda-8.0/lib64/:/usr/lib/nvidia-375/:/usr/local/cuda-8.0/lib64/:/usr/lib/nvidia-375/:/usr/local/cuda-8.0/lib64/:/usr/lib/nvidia-375/:/usr/local/cuda-8.0/lib64/:/usr/lib/nvidia-375/:/usr/local/cuda-8.0/lib64/:/usr/lib/nvidia-375/:/usr/local/cuda-8.0/lib64/:/usr/lib/nvidia-375/:/usr/local/cuda-8.0/lib64/:/usr/lib/gcc/x86_64-linux-gnu/4.8/../../../:/lib/:/usr/lib/]
  ignore line: [COLLECT_GCC_OPTIONS='-v' '-o' 'cmTryCompileExec4096159835' '-rdynamic' '-mtune=generic' '-march=x86-64']
  link line: [ /usr/lib/gcc/x86_64-linux-gnu/4.8/collect2 --sysroot=/ --build-id --eh-frame-hdr -m elf_x86_64 --hash-style=gnu --as-needed -export-dynamic -dynamic-linker /lib64/ld-linux-x86-64.so.2 -z relro -o cmTryCompileExec4096159835 /usr/lib/gcc/x86_64-linux-gnu/4.8/../../../x86_64-linux-gnu/crt1.o /usr/lib/gcc/x86_64-linux-gnu/4.8/../../../x86_64-linux-gnu/crti.o /usr/lib/gcc/x86_64-linux-gnu/4.8/crtbegin.o -L/usr/local/cuda-8.0/lib64/../lib -L/usr/local/cuda-8.0/lib64/../lib -L/usr/local/cuda-8.0/lib64/../lib -L/usr/local/cuda-8.0/lib64/../lib -L/usr/local/cuda-8.0/lib64/../lib -L/usr/local/cuda-8.0/lib64/../lib -L/usr/local/cuda-8.0/lib64/../lib -L/usr/lib/gcc/x86_64-linux-gnu/4.8 -L/usr/lib/gcc/x86_64-linux-gnu/4.8/../../../x86_64-linux-gnu -L/usr/lib/gcc/x86_64-linux-gnu/4.8/../../../../lib -L/lib/x86_64-linux-gnu -L/lib/../lib -L/usr/lib/x86_64-linux-gnu -L/usr/lib/../lib -L. -L/usr/lib/nvidia-375 -L/usr/local/cuda-8.0/lib64 -L/usr/lib/nvidia-375 -L/usr/local/cuda-8.0/lib64 -L/usr/lib/nvidia-375 -L/usr/local/cuda-8.0/lib64 -L/usr/lib/nvidia-375 -L/usr/local/cuda-8.0/lib64 -L/usr/lib/nvidia-375 -L/usr/local/cuda-8.0/lib64 -L/usr/lib/nvidia-375 -L/usr/local/cuda-8.0/lib64 -L/usr/lib/nvidia-375 -L/usr/local/cuda-8.0/lib64 -L/usr/lib/gcc/x86_64-linux-gnu/4.8/../../.. CMakeFiles/cmTryCompileExec4096159835.dir/CMakeCCompilerABI.c.o -lgcc --as-needed -lgcc_s --no-as-needed -lc -lgcc --as-needed -lgcc_s --no-as-needed /usr/lib/gcc/x86_64-linux-gnu/4.8/crtend.o /usr/lib/gcc/x86_64-linux-gnu/4.8/../../../x86_64-linux-gnu/crtn.o]
    arg [/usr/lib/gcc/x86_64-linux-gnu/4.8/collect2] ==> ignore
    arg [--sysroot=/] ==> ignore
    arg [--build-id] ==> ignore
    arg [--eh-frame-hdr] ==> ignore
    arg [-m] ==> ignore
    arg [elf_x86_64] ==> ignore
    arg [--hash-style=gnu] ==> ignore
    arg [--as-needed] ==> ignore
    arg [-export-dynamic] ==> ignore
    arg [-dynamic-linker] ==> ignore
    arg [/lib64/ld-linux-x86-64.so.2] ==> ignore
    arg [-zrelro] ==> ignore
    arg [-o] ==> ignore
    arg [cmTryCompileExec4096159835] ==> ignore
    arg [/usr/lib/gcc/x86_64-linux-gnu/4.8/../../../x86_64-linux-gnu/crt1.o] ==> ignore
    arg [/usr/lib/gcc/x86_64-linux-gnu/4.8/../../../x86_64-linux-gnu/crti.o] ==> ignore
    arg [/usr/lib/gcc/x86_64-linux-gnu/4.8/crtbegin.o] ==> ignore
    arg [-L/usr/local/cuda-8.0/lib64/../lib] ==> dir [/usr/local/cuda-8.0/lib64/../lib]
    arg [-L/usr/local/cuda-8.0/lib64/../lib] ==> dir [/usr/local/cuda-8.0/lib64/../lib]
    arg [-L/usr/local/cuda-8.0/lib64/../lib] ==> dir [/usr/local/cuda-8.0/lib64/../lib]
    arg [-L/usr/local/cuda-8.0/lib64/../lib] ==> dir [/usr/local/cuda-8.0/lib64/../lib]
    arg [-L/usr/local/cuda-8.0/lib64/../lib] ==> dir [/usr/local/cuda-8.0/lib64/../lib]
    arg [-L/usr/local/cuda-8.0/lib64/../lib] ==> dir [/usr/local/cuda-8.0/lib64/../lib]
    arg [-L/usr/local/cuda-8.0/lib64/../lib] ==> dir [/usr/local/cuda-8.0/lib64/../lib]
    arg [-L/usr/lib/gcc/x86_64-linux-gnu/4.8] ==> dir [/usr/lib/gcc/x86_64-linux-gnu/4.8]
    arg [-L/usr/lib/gcc/x86_64-linux-gnu/4.8/../../../x86_64-linux-gnu] ==> dir [/usr/lib/gcc/x86_64-linux-gnu/4.8/../../../x86_64-linux-gnu]
    arg [-L/usr/lib/gcc/x86_64-linux-gnu/4.8/../../../../lib] ==> dir [/usr/lib/gcc/x86_64-linux-gnu/4.8/../../../../lib]
    arg [-L/lib/x86_64-linux-gnu] ==> dir [/lib/x86_64-linux-gnu]
    arg [-L/lib/../lib] ==> dir [/lib/../lib]
    arg [-L/usr/lib/x86_64-linux-gnu] ==> dir [/usr/lib/x86_64-linux-gnu]
    arg [-L/usr/lib/../lib] ==> dir [/usr/lib/../lib]
    arg [-L.] ==> ignore
    arg [-L/usr/lib/nvidia-375] ==> dir [/usr/lib/nvidia-375]
    arg [-L/usr/local/cuda-8.0/lib64] ==> dir [/usr/local/cuda-8.0/lib64]
    arg [-L/usr/lib/nvidia-375] ==> dir [/usr/lib/nvidia-375]
    arg [-L/usr/local/cuda-8.0/lib64] ==> dir [/usr/local/cuda-8.0/lib64]
    arg [-L/usr/lib/nvidia-375] ==> dir [/usr/lib/nvidia-375]
    arg [-L/usr/local/cuda-8.0/lib64] ==> dir [/usr/local/cuda-8.0/lib64]
    arg [-L/usr/lib/nvidia-375] ==> dir [/usr/lib/nvidia-375]
    arg [-L/usr/local/cuda-8.0/lib64] ==> dir [/usr/local/cuda-8.0/lib64]
    arg [-L/usr/lib/nvidia-375] ==> dir [/usr/lib/nvidia-375]
    arg [-L/usr/local/cuda-8.0/lib64] ==> dir [/usr/local/cuda-8.0/lib64]
    arg [-L/usr/lib/nvidia-375] ==> dir [/usr/lib/nvidia-375]
    arg [-L/usr/local/cuda-8.0/lib64] ==> dir [/usr/local/cuda-8.0/lib64]
    arg [-L/usr/lib/nvidia-375] ==> dir [/usr/lib/nvidia-375]
    arg [-L/usr/local/cuda-8.0/lib64] ==> dir [/usr/local/cuda-8.0/lib64]
    arg [-L/usr/lib/gcc/x86_64-linux-gnu/4.8/../../..] ==> dir [/usr/lib/gcc/x86_64-linux-gnu/4.8/../../..]
    arg [CMakeFiles/cmTryCompileExec4096159835.dir/CMakeCCompilerABI.c.o] ==> ignore
    arg [-lgcc] ==> lib [gcc]
    arg [--as-needed] ==> ignore
    arg [-lgcc_s] ==> lib [gcc_s]
    arg [--no-as-needed] ==> ignore
    arg [-lc] ==> lib [c]
    arg [-lgcc] ==> lib [gcc]
    arg [--as-needed] ==> ignore
    arg [-lgcc_s] ==> lib [gcc_s]
    arg [--no-as-needed] ==> ignore
    arg [/usr/lib/gcc/x86_64-linux-gnu/4.8/crtend.o] ==> ignore
    arg [/usr/lib/gcc/x86_64-linux-gnu/4.8/../../../x86_64-linux-gnu/crtn.o] ==> ignore
  remove lib [gcc]
  remove lib [gcc_s]
  remove lib [gcc]
  remove lib [gcc_s]
  collapse library dir [/usr/local/cuda-8.0/lib64/../lib] ==> [/usr/local/cuda-8.0/lib]
  collapse library dir [/usr/local/cuda-8.0/lib64/../lib] ==> [/usr/local/cuda-8.0/lib]
  collapse library dir [/usr/local/cuda-8.0/lib64/../lib] ==> [/usr/local/cuda-8.0/lib]
  collapse library dir [/usr/local/cuda-8.0/lib64/../lib] ==> [/usr/local/cuda-8.0/lib]
  collapse library dir [/usr/local/cuda-8.0/lib64/../lib] ==> [/usr/local/cuda-8.0/lib]
  collapse library dir [/usr/local/cuda-8.0/lib64/../lib] ==> [/usr/local/cuda-8.0/lib]
  collapse library dir [/usr/local/cuda-8.0/lib64/../lib] ==> [/usr/local/cuda-8.0/lib]
  collapse library dir [/usr/lib/gcc/x86_64-linux-gnu/4.8] ==> [/usr/lib/gcc/x86_64-linux-gnu/4.8]
  collapse library dir [/usr/lib/gcc/x86_64-linux-gnu/4.8/../../../x86_64-linux-gnu] ==> [/usr/lib/x86_64-linux-gnu]
  collapse library dir [/usr/lib/gcc/x86_64-linux-gnu/4.8/../../../../lib] ==> [/usr/lib]
  collapse library dir [/lib/x86_64-linux-gnu] ==> [/lib/x86_64-linux-gnu]
  collapse library dir [/lib/../lib] ==> [/lib]
  collapse library dir [/usr/lib/x86_64-linux-gnu] ==> [/usr/lib/x86_64-linux-gnu]
  collapse library dir [/usr/lib/../lib] ==> [/usr/lib]
  collapse library dir [/usr/lib/nvidia-375] ==> [/usr/lib/nvidia-375]
  collapse library dir [/usr/local/cuda-8.0/lib64] ==> [/usr/local/cuda-8.0/lib64]
  collapse library dir [/usr/lib/nvidia-375] ==> [/usr/lib/nvidia-375]
  collapse library dir [/usr/local/cuda-8.0/lib64] ==> [/usr/local/cuda-8.0/lib64]
  collapse library dir [/usr/lib/nvidia-375] ==> [/usr/lib/nvidia-375]
  collapse library dir [/usr/local/cuda-8.0/lib64] ==> [/usr/local/cuda-8.0/lib64]
  collapse library dir [/usr/lib/nvidia-375] ==> [/usr/lib/nvidia-375]
  collapse library dir [/usr/local/cuda-8.0/lib64] ==> [/usr/local/cuda-8.0/lib64]
  collapse library dir [/usr/lib/nvidia-375] ==> [/usr/lib/nvidia-375]
  collapse library dir [/usr/local/cuda-8.0/lib64] ==> [/usr/local/cuda-8.0/lib64]
  collapse library dir [/usr/lib/nvidia-375] ==> [/usr/lib/nvidia-375]
  collapse library dir [/usr/local/cuda-8.0/lib64] ==> [/usr/local/cuda-8.0/lib64]
  collapse library dir [/usr/lib/nvidia-375] ==> [/usr/lib/nvidia-375]
  collapse library dir [/usr/local/cuda-8.0/lib64] ==> [/usr/local/cuda-8.0/lib64]
  collapse library dir [/usr/lib/gcc/x86_64-linux-gnu/4.8/../../..] ==> [/usr/lib]
  implicit libs: [c]
  implicit dirs: [/usr/local/cuda-8.0/lib;/usr/lib/gcc/x86_64-linux-gnu/4.8;/usr/lib/x86_64-linux-gnu;/usr/lib;/lib/x86_64-linux-gnu;/lib;/usr/lib/nvidia-375;/usr/local/cuda-8.0/lib64]
  implicit fwks: []


Determining if files pthread.h exist passed with the following output:
Change Dir: /home/nao/catkin_ws/src/robocup_packages/game_controller_bridge/src/naoqi/gcbridge/build-naoqi-sdk/CMakeFiles/CMakeTmp

Run Build Command:/usr/bin/make "cmTryCompileExec4115242/fast"
/usr/bin/make -f CMakeFiles/cmTryCompileExec4115242.dir/build.make CMakeFiles/cmTryCompileExec4115242.dir/build
make[1]: ディレクトリ `/home/nao/catkin_ws/src/robocup_packages/game_controller_bridge/src/naoqi/gcbridge/build-naoqi-sdk/CMakeFiles/CMakeTmp' に入ります
/usr/bin/cmake -E cmake_progress_report /home/nao/catkin_ws/src/robocup_packages/game_controller_bridge/src/naoqi/gcbridge/build-naoqi-sdk/CMakeFiles/CMakeTmp/CMakeFiles 1
Building C object CMakeFiles/cmTryCompileExec4115242.dir/CheckIncludeFiles.c.o
/usr/bin/cc    -o CMakeFiles/cmTryCompileExec4115242.dir/CheckIncludeFiles.c.o   -c /home/nao/catkin_ws/src/robocup_packages/game_controller_bridge/src/naoqi/gcbridge/build-naoqi-sdk/CMakeFiles/CMakeTmp/CheckIncludeFiles.c
Linking C executable cmTryCompileExec4115242
/usr/bin/cmake -E cmake_link_script CMakeFiles/cmTryCompileExec4115242.dir/link.txt --verbose=1
/usr/bin/cc       CMakeFiles/cmTryCompileExec4115242.dir/CheckIncludeFiles.c.o  -o cmTryCompileExec4115242 -rdynamic 
make[1]: ディレクトリ `/home/nao/catkin_ws/src/robocup_packages/game_controller_bridge/src/naoqi/gcbridge/build-naoqi-sdk/CMakeFiles/CMakeTmp' から出ます


Determining if the function pthread_create exists in the pthread passed with the following output:
Change Dir: /home/nao/catkin_ws/src/robocup_packages/game_controller_bridge/src/naoqi/gcbridge/build-naoqi-sdk/CMakeFiles/CMakeTmp

Run Build Command:/usr/bin/make "cmTryCompileExec375202618/fast"
/usr/bin/make -f CMakeFiles/cmTryCompileExec375202618.dir/build.make CMakeFiles/cmTryCompileExec375202618.dir/build
make[1]: ディレクトリ `/home/nao/catkin_ws/src/robocup_packages/game_controller_bridge/src/naoqi/gcbridge/build-naoqi-sdk/CMakeFiles/CMakeTmp' に入ります
/usr/bin/cmake -E cmake_progress_report /home/nao/catkin_ws/src/robocup_packages/game_controller_bridge/src/naoqi/gcbridge/build-naoqi-sdk/CMakeFiles/CMakeTmp/CMakeFiles 1
Building C object CMakeFiles/cmTryCompileExec375202618.dir/CheckFunctionExists.c.o
/usr/bin/cc   -DCHECK_FUNCTION_EXISTS=pthread_create   -o CMakeFiles/cmTryCompileExec375202618.dir/CheckFunctionExists.c.o   -c /usr/share/cmake-2.8/Modules/CheckFunctionExists.c
Linking C executable cmTryCompileExec375202618
/usr/bin/cmake -E cmake_link_script CMakeFiles/cmTryCompileExec375202618.dir/link.txt --verbose=1
/usr/bin/cc   -DCHECK_FUNCTION_EXISTS=pthread_create    CMakeFiles/cmTryCompileExec375202618.dir/CheckFunctionExists.c.o  -o cmTryCompileExec375202618 -rdynamic -lpthread 
make[1]: ディレクトリ `/home/nao/catkin_ws/src/robocup_packages/game_controller_bridge/src/naoqi/gcbridge/build-naoqi-sdk/CMakeFiles/CMakeTmp' から出ます


Determining if files pthread.h exist passed with the following output:
Change Dir: /home/nao/catkin_ws/src/robocup_packages/game_controller_bridge/src/naoqi/gcbridge/build-naoqi-sdk/CMakeFiles/CMakeTmp

Run Build Command:/usr/bin/make "cmTryCompileExec2042695728/fast"
/usr/bin/make -f CMakeFiles/cmTryCompileExec2042695728.dir/build.make CMakeFiles/cmTryCompileExec2042695728.dir/build
make[1]: ディレクトリ `/home/nao/catkin_ws/src/robocup_packages/game_controller_bridge/src/naoqi/gcbridge/build-naoqi-sdk/CMakeFiles/CMakeTmp' に入ります
/usr/bin/cmake -E cmake_progress_report /home/nao/catkin_ws/src/robocup_packages/game_controller_bridge/src/naoqi/gcbridge/build-naoqi-sdk/CMakeFiles/CMakeTmp/CMakeFiles 1
Building C object CMakeFiles/cmTryCompileExec2042695728.dir/CheckIncludeFiles.c.o
/usr/bin/cc    -o CMakeFiles/cmTryCompileExec2042695728.dir/CheckIncludeFiles.c.o   -c /home/nao/catkin_ws/src/robocup_packages/game_controller_bridge/src/naoqi/gcbridge/build-naoqi-sdk/CMakeFiles/CMakeTmp/CheckIncludeFiles.c
Linking C executable cmTryCompileExec2042695728
/usr/bin/cmake -E cmake_link_script CMakeFiles/cmTryCompileExec2042695728.dir/link.txt --verbose=1
/usr/bin/cc       CMakeFiles/cmTryCompileExec2042695728.dir/CheckIncludeFiles.c.o  -o cmTryCompileExec2042695728 -rdynamic 
make[1]: ディレクトリ `/home/nao/catkin_ws/src/robocup_packages/game_controller_bridge/src/naoqi/gcbridge/build-naoqi-sdk/CMakeFiles/CMakeTmp' から出ます


Determining if the function pthread_create exists in the pthread passed with the following output:
Change Dir: /home/nao/catkin_ws/src/robocup_packages/game_controller_bridge/src/naoqi/gcbridge/build-naoqi-sdk/CMakeFiles/CMakeTmp

Run Build Command:/usr/bin/make "cmTryCompileExec1957049212/fast"
/usr/bin/make -f CMakeFiles/cmTryCompileExec1957049212.dir/build.make CMakeFiles/cmTryCompileExec1957049212.dir/build
make[1]: ディレクトリ `/home/nao/catkin_ws/src/robocup_packages/game_controller_bridge/src/naoqi/gcbridge/build-naoqi-sdk/CMakeFiles/CMakeTmp' に入ります
/usr/bin/cmake -E cmake_progress_report /home/nao/catkin_ws/src/robocup_packages/game_controller_bridge/src/naoqi/gcbridge/build-naoqi-sdk/CMakeFiles/CMakeTmp/CMakeFiles 1
Building C object CMakeFiles/cmTryCompileExec1957049212.dir/CheckFunctionExists.c.o
/usr/bin/cc   -DCHECK_FUNCTION_EXISTS=pthread_create   -o CMakeFiles/cmTryCompileExec1957049212.dir/CheckFunctionExists.c.o   -c /usr/share/cmake-2.8/Modules/CheckFunctionExists.c
Linking C executable cmTryCompileExec1957049212
/usr/bin/cmake -E cmake_link_script CMakeFiles/cmTryCompileExec1957049212.dir/link.txt --verbose=1
/usr/bin/cc   -DCHECK_FUNCTION_EXISTS=pthread_create    CMakeFiles/cmTryCompileExec1957049212.dir/CheckFunctionExists.c.o  -o cmTryCompileExec1957049212 -rdynamic -lpthread 
make[1]: ディレクトリ `/home/nao/catkin_ws/src/robocup_packages/game_controller_bridge/src/naoqi/gcbridge/build-naoqi-sdk/CMakeFiles/CMakeTmp' から出ます


Determining if files pthread.h exist passed with the following output:
Change Dir: /home/nao/catkin_ws/src/robocup_packages/game_controller_bridge/src/naoqi/gcbridge/build-naoqi-sdk/CMakeFiles/CMakeTmp

Run Build Command:/usr/bin/make "cmTryCompileExec3235894103/fast"
/usr/bin/make -f CMakeFiles/cmTryCompileExec3235894103.dir/build.make CMakeFiles/cmTryCompileExec3235894103.dir/build
make[1]: ディレクトリ `/home/nao/catkin_ws/src/robocup_packages/game_controller_bridge/src/naoqi/gcbridge/build-naoqi-sdk/CMakeFiles/CMakeTmp' に入ります
/usr/bin/cmake -E cmake_progress_report /home/nao/catkin_ws/src/robocup_packages/game_controller_bridge/src/naoqi/gcbridge/build-naoqi-sdk/CMakeFiles/CMakeTmp/CMakeFiles 1
Building C object CMakeFiles/cmTryCompileExec3235894103.dir/CheckIncludeFiles.c.o
/usr/bin/cc    -o CMakeFiles/cmTryCompileExec3235894103.dir/CheckIncludeFiles.c.o   -c /home/nao/catkin_ws/src/robocup_packages/game_controller_bridge/src/naoqi/gcbridge/build-naoqi-sdk/CMakeFiles/CMakeTmp/CheckIncludeFiles.c
Linking C executable cmTryCompileExec3235894103
/usr/bin/cmake -E cmake_link_script CMakeFiles/cmTryCompileExec3235894103.dir/link.txt --verbose=1
/usr/bin/cc       CMakeFiles/cmTryCompileExec3235894103.dir/CheckIncludeFiles.c.o  -o cmTryCompileExec3235894103 -rdynamic 
make[1]: ディレクトリ `/home/nao/catkin_ws/src/robocup_packages/game_controller_bridge/src/naoqi/gcbridge/build-naoqi-sdk/CMakeFiles/CMakeTmp' から出ます


Determining if the function pthread_create exists in the pthread passed with the following output:
Change Dir: /home/nao/catkin_ws/src/robocup_packages/game_controller_bridge/src/naoqi/gcbridge/build-naoqi-sdk/CMakeFiles/CMakeTmp

Run Build Command:/usr/bin/make "cmTryCompileExec3151507420/fast"
/usr/bin/make -f CMakeFiles/cmTryCompileExec3151507420.dir/build.make CMakeFiles/cmTryCompileExec3151507420.dir/build
make[1]: ディレクトリ `/home/nao/catkin_ws/src/robocup_packages/game_controller_bridge/src/naoqi/gcbridge/build-naoqi-sdk/CMakeFiles/CMakeTmp' に入ります
/usr/bin/cmake -E cmake_progress_report /home/nao/catkin_ws/src/robocup_packages/game_controller_bridge/src/naoqi/gcbridge/build-naoqi-sdk/CMakeFiles/CMakeTmp/CMakeFiles 1
Building C object CMakeFiles/cmTryCompileExec3151507420.dir/CheckFunctionExists.c.o
/usr/bin/cc   -DCHECK_FUNCTION_EXISTS=pthread_create   -o CMakeFiles/cmTryCompileExec3151507420.dir/CheckFunctionExists.c.o   -c /usr/share/cmake-2.8/Modules/CheckFunctionExists.c
Linking C executable cmTryCompileExec3151507420
/usr/bin/cmake -E cmake_link_script CMakeFiles/cmTryCompileExec3151507420.dir/link.txt --verbose=1
/usr/bin/cc   -DCHECK_FUNCTION_EXISTS=pthread_create    CMakeFiles/cmTryCompileExec3151507420.dir/CheckFunctionExists.c.o  -o cmTryCompileExec3151507420 -rdynamic -lpthread 
make[1]: ディレクトリ `/home/nao/catkin_ws/src/robocup_packages/game_controller_bridge/src/naoqi/gcbridge/build-naoqi-sdk/CMakeFiles/CMakeTmp' から出ます


Determining if files pthread.h exist passed with the following output:
Change Dir: /home/nao/catkin_ws/src/robocup_packages/game_controller_bridge/src/naoqi/gcbridge/build-naoqi-sdk/CMakeFiles/CMakeTmp

Run Build Command:/usr/bin/make "cmTryCompileExec8990789/fast"
make[1]: ディレクトリ `/home/nao/catkin_ws/src/robocup_packages/game_controller_bridge/src/naoqi/gcbridge/build-naoqi-sdk/CMakeFiles/CMakeTmp' に入ります
/usr/bin/make -f CMakeFiles/cmTryCompileExec8990789.dir/build.make CMakeFiles/cmTryCompileExec8990789.dir/build
make[2]: ディレクトリ `/home/nao/catkin_ws/src/robocup_packages/game_controller_bridge/src/naoqi/gcbridge/build-naoqi-sdk/CMakeFiles/CMakeTmp' に入ります
/usr/bin/cmake -E cmake_progress_report /home/nao/catkin_ws/src/robocup_packages/game_controller_bridge/src/naoqi/gcbridge/build-naoqi-sdk/CMakeFiles/CMakeTmp/CMakeFiles 1
Building C object CMakeFiles/cmTryCompileExec8990789.dir/CheckIncludeFiles.c.o
/usr/bin/cc    -o CMakeFiles/cmTryCompileExec8990789.dir/CheckIncludeFiles.c.o   -c /home/nao/catkin_ws/src/robocup_packages/game_controller_bridge/src/naoqi/gcbridge/build-naoqi-sdk/CMakeFiles/CMakeTmp/CheckIncludeFiles.c
Linking C executable cmTryCompileExec8990789
/usr/bin/cmake -E cmake_link_script CMakeFiles/cmTryCompileExec8990789.dir/link.txt --verbose=1
/usr/bin/cc       CMakeFiles/cmTryCompileExec8990789.dir/CheckIncludeFiles.c.o  -o cmTryCompileExec8990789 -rdynamic 
make[2]: ディレクトリ `/home/nao/catkin_ws/src/robocup_packages/game_controller_bridge/src/naoqi/gcbridge/build-naoqi-sdk/CMakeFiles/CMakeTmp' から出ます
make[1]: ディレクトリ `/home/nao/catkin_ws/src/robocup_packages/game_controller_bridge/src/naoqi/gcbridge/build-naoqi-sdk/CMakeFiles/CMakeTmp' から出ます


Determining if the function pthread_create exists in the pthread passed with the following output:
Change Dir: /home/nao/catkin_ws/src/robocup_packages/game_controller_bridge/src/naoqi/gcbridge/build-naoqi-sdk/CMakeFiles/CMakeTmp

Run Build Command:/usr/bin/make "cmTryCompileExec3364144935/fast"
make[1]: ディレクトリ `/home/nao/catkin_ws/src/robocup_packages/game_controller_bridge/src/naoqi/gcbridge/build-naoqi-sdk/CMakeFiles/CMakeTmp' に入ります
/usr/bin/make -f CMakeFiles/cmTryCompileExec3364144935.dir/build.make CMakeFiles/cmTryCompileExec3364144935.dir/build
make[2]: ディレクトリ `/home/nao/catkin_ws/src/robocup_packages/game_controller_bridge/src/naoqi/gcbridge/build-naoqi-sdk/CMakeFiles/CMakeTmp' に入ります
/usr/bin/cmake -E cmake_progress_report /home/nao/catkin_ws/src/robocup_packages/game_controller_bridge/src/naoqi/gcbridge/build-naoqi-sdk/CMakeFiles/CMakeTmp/CMakeFiles 1
Building C object CMakeFiles/cmTryCompileExec3364144935.dir/CheckFunctionExists.c.o
/usr/bin/cc   -DCHECK_FUNCTION_EXISTS=pthread_create   -o CMakeFiles/cmTryCompileExec3364144935.dir/CheckFunctionExists.c.o   -c /usr/share/cmake-2.8/Modules/CheckFunctionExists.c
Linking C executable cmTryCompileExec3364144935
/usr/bin/cmake -E cmake_link_script CMakeFiles/cmTryCompileExec3364144935.dir/link.txt --verbose=1
/usr/bin/cc   -DCHECK_FUNCTION_EXISTS=pthread_create    CMakeFiles/cmTryCompileExec3364144935.dir/CheckFunctionExists.c.o  -o cmTryCompileExec3364144935 -rdynamic -lpthread 
make[2]: ディレクトリ `/home/nao/catkin_ws/src/robocup_packages/game_controller_bridge/src/naoqi/gcbridge/build-naoqi-sdk/CMakeFiles/CMakeTmp' から出ます
make[1]: ディレクトリ `/home/nao/catkin_ws/src/robocup_packages/game_controller_bridge/src/naoqi/gcbridge/build-naoqi-sdk/CMakeFiles/CMakeTmp' から出ます


Determining if files pthread.h exist passed with the following output:
Change Dir: /home/nao/catkin_ws/src/robocup_packages/game_controller_bridge/src/naoqi/gcbridge/build-naoqi-sdk/CMakeFiles/CMakeTmp

Run Build Command:/usr/bin/make "cmTryCompileExec597634319/fast"
make[1]: ディレクトリ `/home/nao/catkin_ws/src/robocup_packages/game_controller_bridge/src/naoqi/gcbridge/build-naoqi-sdk/CMakeFiles/CMakeTmp' に入ります
/usr/bin/make -f CMakeFiles/cmTryCompileExec597634319.dir/build.make CMakeFiles/cmTryCompileExec597634319.dir/build
make[2]: ディレクトリ `/home/nao/catkin_ws/src/robocup_packages/game_controller_bridge/src/naoqi/gcbridge/build-naoqi-sdk/CMakeFiles/CMakeTmp' に入ります
/usr/bin/cmake -E cmake_progress_report /home/nao/catkin_ws/src/robocup_packages/game_controller_bridge/src/naoqi/gcbridge/build-naoqi-sdk/CMakeFiles/CMakeTmp/CMakeFiles 1
Building C object CMakeFiles/cmTryCompileExec597634319.dir/CheckIncludeFiles.c.o
/usr/bin/cc    -o CMakeFiles/cmTryCompileExec597634319.dir/CheckIncludeFiles.c.o   -c /home/nao/catkin_ws/src/robocup_packages/game_controller_bridge/src/naoqi/gcbridge/build-naoqi-sdk/CMakeFiles/CMakeTmp/CheckIncludeFiles.c
Linking C executable cmTryCompileExec597634319
/usr/bin/cmake -E cmake_link_script CMakeFiles/cmTryCompileExec597634319.dir/link.txt --verbose=1
/usr/bin/cc       CMakeFiles/cmTryCompileExec597634319.dir/CheckIncludeFiles.c.o  -o cmTryCompileExec597634319 -rdynamic 
make[2]: ディレクトリ `/home/nao/catkin_ws/src/robocup_packages/game_controller_bridge/src/naoqi/gcbridge/build-naoqi-sdk/CMakeFiles/CMakeTmp' から出ます
make[1]: ディレクトリ `/home/nao/catkin_ws/src/robocup_packages/game_controller_bridge/src/naoqi/gcbridge/build-naoqi-sdk/CMakeFiles/CMakeTmp' から出ます


Determining if the function pthread_create exists in the pthread passed with the following output:
Change Dir: /home/nao/catkin_ws/src/robocup_packages/game_controller_bridge/src/naoqi/gcbridge/build-naoqi-sdk/CMakeFiles/CMakeTmp

Run Build Command:/usr/bin/make "cmTryCompileExec1214233202/fast"
make[1]: ディレクトリ `/home/nao/catkin_ws/src/robocup_packages/game_controller_bridge/src/naoqi/gcbridge/build-naoqi-sdk/CMakeFiles/CMakeTmp' に入ります
/usr/bin/make -f CMakeFiles/cmTryCompileExec1214233202.dir/build.make CMakeFiles/cmTryCompileExec1214233202.dir/build
make[2]: ディレクトリ `/home/nao/catkin_ws/src/robocup_packages/game_controller_bridge/src/naoqi/gcbridge/build-naoqi-sdk/CMakeFiles/CMakeTmp' に入ります
/usr/bin/cmake -E cmake_progress_report /home/nao/catkin_ws/src/robocup_packages/game_controller_bridge/src/naoqi/gcbridge/build-naoqi-sdk/CMakeFiles/CMakeTmp/CMakeFiles 1
Building C object CMakeFiles/cmTryCompileExec1214233202.dir/CheckFunctionExists.c.o
/usr/bin/cc   -DCHECK_FUNCTION_EXISTS=pthread_create   -o CMakeFiles/cmTryCompileExec1214233202.dir/CheckFunctionExists.c.o   -c /usr/share/cmake-2.8/Modules/CheckFunctionExists.c
Linking C executable cmTryCompileExec1214233202
/usr/bin/cmake -E cmake_link_script CMakeFiles/cmTryCompileExec1214233202.dir/link.txt --verbose=1
/usr/bin/cc   -DCHECK_FUNCTION_EXISTS=pthread_create    CMakeFiles/cmTryCompileExec1214233202.dir/CheckFunctionExists.c.o  -o cmTryCompileExec1214233202 -rdynamic -lpthread 
make[2]: ディレクトリ `/home/nao/catkin_ws/src/robocup_packages/game_controller_bridge/src/naoqi/gcbridge/build-naoqi-sdk/CMakeFiles/CMakeTmp' から出ます
make[1]: ディレクトリ `/home/nao/catkin_ws/src/robocup_packages/game_controller_bridge/src/naoqi/gcbridge/build-naoqi-sdk/CMakeFiles/CMakeTmp' から出ます


